<?xml version="1.0" encoding="UTF-8"?>
<!-- Generated by org.testng.reporters.JUnitReportReporter -->
<testsuite hostname="Akhilesh" failures="0" tests="1" name="com.github.search.SearchTest" time="0.008" errors="0" timestamp="2022-07-09T20:12:12 IST" skipped="0">
  <testcase classname="com.github.search.SearchTest" name="test2" time="0.008"/>
  <system-out/>
</testsuite> <!-- com.github.search.SearchTest -->
