<?xml version="1.0" encoding="UTF-8"?>
<!-- Generated by org.testng.reporters.JUnitReportReporter -->
<testsuite hostname="Akhilesh" failures="0" tests="1" name="com.github.test.search.UserRepoTest" time="1.358" errors="0" timestamp="2022-07-14T01:12:40 IST" skipped="0">
  <testcase classname="com.github.test.search.UserRepoTest" name="validate_user_repository_count" time="1.358"/>
  <system-out/>
</testsuite> <!-- com.github.test.search.UserRepoTest -->
