<?xml version="1.0" encoding="UTF-8"?>
<!-- Generated by org.testng.reporters.JUnitReportReporter -->
<testsuite hostname="Akhilesh" failures="0" tests="1" name="com.github.test.search.SearchTest" time="2.355" errors="0" timestamp="2022-07-13T02:11:47 IST" skipped="0">
  <testcase classname="com.github.test.search.SearchTest" name="validate_python_and_java_seleniium_repository_count" time="2.355"/>
  <system-out/>
</testsuite> <!-- com.github.test.search.SearchTest -->
