<?xml version="1.0" encoding="UTF-8"?>
<!-- Generated by org.testng.reporters.JUnitReportReporter -->
<testsuite hostname="Akhilesh" failures="0" tests="2" name="com.github.test.UserRepoTest" time="1.017" errors="0" timestamp="2022-07-16T13:28:06 IST" skipped="0">
  <testcase classname="com.github.test.UserRepoTest" name="validate_user_fullName" time="0.509"/>
  <system-out/>
  <testcase classname="com.github.test.UserRepoTest" name="validate_user_repository_count" time="0.508"/>
  <system-out/>
</testsuite> <!-- com.github.test.UserRepoTest -->
